生成启动时间为 2019/3/22 18:28:33。
     1>项目“E:\deng.kai\visual studio\gtsd servo_sdt\ServoSystemManager\ServoDriverComDll\ServoDriverComDll.vcxproj”在节点 2 上(Build 个目标)。
     1>Link:
         D:\Program Files (x86)\Microsoft Visual Studio 12.0\VC\bin\link.exe /ERRORREPORT:PROMPT /OUT:"E:\deng.kai\visual studio\gtsd servo_sdt\ServoSystemManager\Release\ServoDriverComDll.dll" /INCREMENTAL:NO /NOLOGO /LIBPATH:./NetCom/wpcap/lib wpcap.lib kernel32.lib user32.lib gdi32.lib winspool.lib comdlg32.lib advapi32.lib shell32.lib ole32.lib oleaut32.lib uuid.lib odbc32.lib odbccp32.lib /MANIFEST /MANIFESTUAC:"level='asInvoker' uiAccess='false'" /manifest:embed /DEBUG /PDB:"E:\deng.kai\visual studio\gtsd servo_sdt\ServoSystemManager\Release\ServoDriverComDll.pdb" /SUBSYSTEM:WINDOWS /OPT:REF /OPT:ICF /LTCG /TLBID:1 /DYNAMICBASE /NXCOMPAT /IMPLIB:"E:\deng.kai\visual studio\gtsd servo_sdt\ServoSystemManager\Release\ServoDriverComDll.lib" /MACHINE:X86 /SAFESEH /DLL NetCom\wpcap\lib\wpcap.lib
         Release\AbsCom.obj
         Release\ST_GTSD_Cmd.obj
         Release\ComBase.obj
         Release\CpldCom.obj
         Release\DeviceDataBase.obj
         Release\AdminstratorComDll.obj
         Release\MotionControlComDll.obj
         Release\ServoDriverComDll.obj
         Release\UserResp.obj
         Release\dllmain.obj
         Release\Eeprom.obj
         Release\eepromOpt.obj
         Release\FileServer.obj
         Release\FirmwareDl.obj
         Release\FPGAUpdate.obj
         Release\GTCmdCtrl.obj
         Release\GTDriverCmd.obj
         Release\Ilink.obj
         Release\IlinkDevice.obj
         Release\IlinkEnc.obj
         Release\MotionCtrlCom.obj
         Release\Net.obj
         Release\NetCommunication.obj
         Release\Packet.obj
         Release\NetDriver.obj
         Release\ParseHex.obj
         Release\PcCtrlCom.obj
         Release\cpu_timer.obj
         Release\gdef.obj
         Release\mt_timer.obj
         Release\PlotWave.obj
         Release\rn_noTimer.obj
         Release\RingNetCom.obj
         Release\RingNetPacket.obj
         Release\Rninterface.obj
         Release\RingNetDriver.obj
         Release\RingNetInterface.obj
         Release\RnSerialPort.obj
         Release\RnServoAxiMapping.obj
         Release\RnDeviceDataBase.obj
         Release\RnDriverPlot.obj
         Release\RnDriverWave.obj
         Release\ServoDriverCom.obj
         Release\SocketCom.obj
         Release\SocketInterface.obj
         Release\SocketPacket.obj
         Release\SPLine.obj
         Release\stdafx.obj
         Release\StFileOp.obj
         Release\StString.obj
         Release\hex2ldr.obj
         Release\ihex.obj
         Release\serialport.obj
         Release\XmlCode.obj
         Release\XmlCodeUpdate.obj
            正在创建库 E:\deng.kai\visual studio\gtsd servo_sdt\ServoSystemManager\Release\ServoDriverComDll.lib 和对象 E:\deng.kai\visual studio\gtsd servo_sdt\ServoSystemManager\Release\ServoDriverComDll.exp
     1>MotionCtrlCom.obj : error LNK2001: 无法解析的外部符号 "public: __thiscall CRnMotionAxiMapping::CRnMotionAxiMapping(void)" (??0CRnMotionAxiMapping@@QAE@XZ)
     1>MotionCtrlCom.obj : error LNK2001: 无法解析的外部符号 "public: short __thiscall CRnMotionAxiMapping::InitialMapping(class CRingNetDriver *)" (?InitialMapping@CRnMotionAxiMapping@@QAEFPAVCRingNetDriver@@@Z)
     1>MotionCtrlCom.obj : error LNK2001: 无法解析的外部符号 "public: unsigned short __thiscall CRnMotionAxiMapping::ConvertDspToStationId(short)" (?ConvertDspToStationId@CRnMotionAxiMapping@@QAEGF@Z)
     1>E:\deng.kai\visual studio\gtsd servo_sdt\ServoSystemManager\Release\ServoDriverComDll.dll : fatal error LNK1120: 3 个无法解析的外部命令
     1>已完成生成项目“E:\deng.kai\visual studio\gtsd servo_sdt\ServoSystemManager\ServoDriverComDll\ServoDriverComDll.vcxproj”(Build 个目标)的操作 - 失败。

生成失败。

已用时间 00:00:00.40
