e:\deng.kai\visual studio\gtsd servo_sdt\servosystemmanager\servodrivercomdll\debug\servodrivercomdll.pch
e:\deng.kai\visual studio\gtsd servo_sdt\servosystemmanager\servodrivercomdll\debug\vc120.pdb
e:\deng.kai\visual studio\gtsd servo_sdt\servosystemmanager\servodrivercomdll\debug\vc120.idb
e:\deng.kai\visual studio\gtsd servo_sdt\servosystemmanager\servodrivercomdll\debug\stdafx.obj
e:\deng.kai\visual studio\gtsd servo_sdt\servosystemmanager\servodrivercomdll\debug\ringnetcom.obj
e:\deng.kai\visual studio\gtsd servo_sdt\servosystemmanager\servodrivercomdll\debug\ringnetpacket.obj
e:\deng.kai\visual studio\gtsd servo_sdt\servosystemmanager\servodrivercomdll\debug\rninterface.obj
e:\deng.kai\visual studio\gtsd servo_sdt\servosystemmanager\servodrivercomdll\debug\ringnetdriver.obj
e:\deng.kai\visual studio\gtsd servo_sdt\servosystemmanager\servodrivercomdll\debug\ringnetinterface.obj
e:\deng.kai\visual studio\gtsd servo_sdt\servosystemmanager\servodrivercomdll\debug\rnserialport.obj
e:\deng.kai\visual studio\gtsd servo_sdt\servosystemmanager\servodrivercomdll\debug\rnservoaximapping.obj
e:\deng.kai\visual studio\gtsd servo_sdt\servosystemmanager\servodrivercomdll\debug\rndevicedatabase.obj
e:\deng.kai\visual studio\gtsd servo_sdt\servosystemmanager\servodrivercomdll\debug\rndriverplot.obj
e:\deng.kai\visual studio\gtsd servo_sdt\servosystemmanager\servodrivercomdll\debug\rndriverwave.obj
e:\deng.kai\visual studio\gtsd servo_sdt\servosystemmanager\servodrivercomdll\debug\servodrivercom.obj
e:\deng.kai\visual studio\gtsd servo_sdt\servosystemmanager\servodrivercomdll\debug\socketcom.obj
e:\deng.kai\visual studio\gtsd servo_sdt\servosystemmanager\servodrivercomdll\debug\socketinterface.obj
e:\deng.kai\visual studio\gtsd servo_sdt\servosystemmanager\servodrivercomdll\debug\socketpacket.obj
e:\deng.kai\visual studio\gtsd servo_sdt\servosystemmanager\servodrivercomdll\debug\spline.obj
e:\deng.kai\visual studio\gtsd servo_sdt\servosystemmanager\servodrivercomdll\debug\stfileop.obj
e:\deng.kai\visual studio\gtsd servo_sdt\servosystemmanager\servodrivercomdll\debug\ststring.obj
e:\deng.kai\visual studio\gtsd servo_sdt\servosystemmanager\servodrivercomdll\debug\hex2ldr.obj
e:\deng.kai\visual studio\gtsd servo_sdt\servosystemmanager\servodrivercomdll\debug\ihex.obj
e:\deng.kai\visual studio\gtsd servo_sdt\servosystemmanager\servodrivercomdll\debug\serialport.obj
e:\deng.kai\visual studio\gtsd servo_sdt\servosystemmanager\servodrivercomdll\debug\eepromopt.obj
e:\deng.kai\visual studio\gtsd servo_sdt\servosystemmanager\servodrivercomdll\debug\firmwaredl.obj
e:\deng.kai\visual studio\gtsd servo_sdt\servosystemmanager\servodrivercomdll\debug\fpgaupdate.obj
e:\deng.kai\visual studio\gtsd servo_sdt\servosystemmanager\servodrivercomdll\debug\gtcmdctrl.obj
e:\deng.kai\visual studio\gtsd servo_sdt\servosystemmanager\servodrivercomdll\debug\gtdrivercmd.obj
e:\deng.kai\visual studio\gtsd servo_sdt\servosystemmanager\servodrivercomdll\debug\ilink.obj
e:\deng.kai\visual studio\gtsd servo_sdt\servosystemmanager\servodrivercomdll\debug\ilinkdevice.obj
e:\deng.kai\visual studio\gtsd servo_sdt\servosystemmanager\servodrivercomdll\debug\ilinkenc.obj
e:\deng.kai\visual studio\gtsd servo_sdt\servosystemmanager\servodrivercomdll\debug\motionctrlcom.obj
e:\deng.kai\visual studio\gtsd servo_sdt\servosystemmanager\servodrivercomdll\debug\net.obj
e:\deng.kai\visual studio\gtsd servo_sdt\servosystemmanager\servodrivercomdll\debug\netcommunication.obj
e:\deng.kai\visual studio\gtsd servo_sdt\servosystemmanager\servodrivercomdll\debug\packet.obj
e:\deng.kai\visual studio\gtsd servo_sdt\servosystemmanager\servodrivercomdll\debug\netdriver.obj
e:\deng.kai\visual studio\gtsd servo_sdt\servosystemmanager\servodrivercomdll\debug\parsehex.obj
e:\deng.kai\visual studio\gtsd servo_sdt\servosystemmanager\servodrivercomdll\debug\pcctrlcom.obj
e:\deng.kai\visual studio\gtsd servo_sdt\servosystemmanager\servodrivercomdll\debug\cpu_timer.obj
e:\deng.kai\visual studio\gtsd servo_sdt\servosystemmanager\servodrivercomdll\debug\gdef.obj
e:\deng.kai\visual studio\gtsd servo_sdt\servosystemmanager\servodrivercomdll\debug\mt_timer.obj
e:\deng.kai\visual studio\gtsd servo_sdt\servosystemmanager\servodrivercomdll\debug\plotwave.obj
e:\deng.kai\visual studio\gtsd servo_sdt\servosystemmanager\servodrivercomdll\debug\rn_notimer.obj
e:\deng.kai\visual studio\gtsd servo_sdt\servosystemmanager\servodrivercomdll\debug\abscom.obj
e:\deng.kai\visual studio\gtsd servo_sdt\servosystemmanager\servodrivercomdll\debug\st_gtsd_cmd.obj
e:\deng.kai\visual studio\gtsd servo_sdt\servosystemmanager\servodrivercomdll\debug\combase.obj
e:\deng.kai\visual studio\gtsd servo_sdt\servosystemmanager\servodrivercomdll\debug\cpldcom.obj
e:\deng.kai\visual studio\gtsd servo_sdt\servosystemmanager\servodrivercomdll\debug\devicedatabase.obj
e:\deng.kai\visual studio\gtsd servo_sdt\servosystemmanager\servodrivercomdll\debug\adminstratorcomdll.obj
e:\deng.kai\visual studio\gtsd servo_sdt\servosystemmanager\servodrivercomdll\debug\motioncontrolcomdll.obj
e:\deng.kai\visual studio\gtsd servo_sdt\servosystemmanager\servodrivercomdll\debug\servodrivercomdll.obj
e:\deng.kai\visual studio\gtsd servo_sdt\servosystemmanager\servodrivercomdll\debug\userresp.obj
e:\deng.kai\visual studio\gtsd servo_sdt\servosystemmanager\servodrivercomdll\debug\eeprom.obj
e:\deng.kai\visual studio\gtsd servo_sdt\servosystemmanager\servodrivercomdll\debug\dllmain.obj
e:\deng.kai\visual studio\gtsd servo_sdt\servosystemmanager\debug\servodrivercomdll.ilk
e:\deng.kai\visual studio\gtsd servo_sdt\servosystemmanager\debug\servodrivercomdll.dll
e:\deng.kai\visual studio\gtsd servo_sdt\servosystemmanager\debug\servodrivercomdll.pdb
e:\deng.kai\visual studio\gtsd servo_sdt\servosystemmanager\debug\servodrivercomdll.lib
e:\deng.kai\visual studio\gtsd servo_sdt\servosystemmanager\debug\servodrivercomdll.exp
e:\deng.kai\visual studio\gtsd servo_sdt\servosystemmanager\servodrivercomdll\debug\servodri.743704ec.tlog\cl.command.1.tlog
e:\deng.kai\visual studio\gtsd servo_sdt\servosystemmanager\servodrivercomdll\debug\servodri.743704ec.tlog\cl.read.1.tlog
e:\deng.kai\visual studio\gtsd servo_sdt\servosystemmanager\servodrivercomdll\debug\servodri.743704ec.tlog\cl.write.1.tlog
e:\deng.kai\visual studio\gtsd servo_sdt\servosystemmanager\servodrivercomdll\debug\servodri.743704ec.tlog\link.command.1.tlog
e:\deng.kai\visual studio\gtsd servo_sdt\servosystemmanager\servodrivercomdll\debug\servodri.743704ec.tlog\link.read.1.tlog
e:\deng.kai\visual studio\gtsd servo_sdt\servosystemmanager\servodrivercomdll\debug\servodri.743704ec.tlog\link.write.1.tlog
e:\deng.kai\visual studio\gtsd servo_sdt\servosystemmanager\servodrivercomdll\debug\servodri.743704ec.tlog\servodrivercomdll.write.1u.tlog
